pid (0, 0, 0) idx ( 0) w: -1.8893539906: 0.000000
pid (0, 0, 0) idx ( 1) w: -0.7724822164: 0.000000
pid (0, 0, 0) idx ( 2) w: 4.0230813026: 0.000000
pid (0, 0, 0) idx ( 3) w: -2.2145023346: 0.000000
pid (0, 0, 0) idx ( 4) w: -13.1115827560: 0.000000
pid (0, 0, 0) idx ( 5) w: -52.8895988464: 0.000000
pid (0, 0, 0) idx ( 6) w: 1.7382014990: 0.000000
pid (0, 0, 0) idx ( 7) w: 10.5461788177: 0.000000
pid (0, 0, 0) idx ( 8) w: 12.4536724091: 0.000000
pid (0, 0, 0) idx ( 9) w: 17.4060211182: 0.000000
pid (0, 0, 0) idx (10) w: -2.9172194004: 0.000000
pid (0, 0, 0) idx (11) w: 19.8355617523: 0.000000
pid (0, 0, 0) idx (12) w: -19.8518753052: 0.000000
pid (0, 0, 0) idx (13) w: -8.2936468124: 0.000000
pid (0, 0, 0) idx (14) w: 5.7079300880: 0.000000
pid (0, 0, 0) idx (15) w: -0.0191440880: 0.000000
pid (0, 0, 0) idx (16) w: 116.4609069824: 0.000000
pid (0, 0, 0) idx (17) w: -17.3834133148: 0.000000
pid (0, 0, 0) idx (18) w: -260.6045227051: 0.000000
pid (0, 0, 0) idx (19) w: -19.7700290680: 0.000000
pid (0, 0, 0) idx (20) w: 10.0005350113: 0.000000
pid (0, 0, 0) idx (21) w: 2.4482843876: 0.000000
pid (0, 0, 0) idx (22) w: 7.5187940598: 0.000000
pid (0, 0, 0) idx (23) w: 18.7751770020: 0.000000
pid (0, 0, 0) idx (24) w: -1.9178235531: 0.000000
pid (0, 0, 0) idx (25) w: -8.1567611694: 0.000000
pid (0, 0, 0) idx (26) w: -8.8078346252: 0.000000
pid (0, 0, 0) idx (27) w: -26.3798217773: 0.000000
pid (0, 0, 0) idx (28) w: -7.6027321815: 0.000000
pid (0, 0, 0) idx (29) w: -6.6996035576: 0.000000
pid (0, 0, 0) idx (30) w: -99.1125488281: 0.000000
pid (0, 0, 0) idx (31) w: 29.5050315857: 0.000000
pid (0, 0, 0) idx ( 0) w: -1.8893539906: 0.000000
pid (0, 0, 0) idx ( 1) w: -0.7724822164: 0.000000
pid (0, 0, 0) idx ( 2) w: 4.0230813026: 0.000000
pid (0, 0, 0) idx ( 3) w: -2.2145023346: 0.000000
pid (0, 0, 0) idx ( 4) w: -13.1115827560: 0.000000
pid (0, 0, 0) idx ( 5) w: -52.8895988464: 0.000000
pid (0, 0, 0) idx ( 6) w: 1.7382014990: 0.000000
pid (0, 0, 0) idx ( 7) w: 10.5461788177: 0.000000
pid (0, 0, 0) idx ( 8) w: 12.4536724091: 0.000000
pid (0, 0, 0) idx ( 9) w: 17.4060211182: 0.000000
pid (0, 0, 0) idx (10) w: -2.9172194004: 0.000000
pid (0, 0, 0) idx (11) w: 19.8355617523: 0.000000
pid (0, 0, 0) idx (12) w: -19.8518753052: 0.000000
pid (0, 0, 0) idx (13) w: -8.2936468124: 0.000000
pid (0, 0, 0) idx (14) w: 5.7079300880: 0.000000
pid (0, 0, 0) idx (15) w: -0.0191440880: 0.000000
pid (0, 0, 0) idx (16) w: 116.4609069824: 0.000000
pid (0, 0, 0) idx (17) w: -17.3834133148: 0.000000
pid (0, 0, 0) idx (18) w: -260.6045227051: 0.000000
pid (0, 0, 0) idx (19) w: -19.7700290680: 0.000000
pid (0, 0, 0) idx (20) w: 10.0005350113: 0.000000
pid (0, 0, 0) idx (21) w: 2.4482843876: 0.000000
pid (0, 0, 0) idx (22) w: 7.5187940598: 0.000000
pid (0, 0, 0) idx (23) w: 18.7751770020: 0.000000
pid (0, 0, 0) idx (24) w: -1.9178235531: 0.000000
pid (0, 0, 0) idx (25) w: -8.1567611694: 0.000000
pid (0, 0, 0) idx (26) w: -8.8078346252: 0.000000
pid (0, 0, 0) idx (27) w: -26.3798217773: 0.000000
pid (0, 0, 0) idx (28) w: -7.6027321815: 0.000000
pid (0, 0, 0) idx (29) w: -6.6996035576: 0.000000
pid (0, 0, 0) idx (30) w: -99.1125488281: 0.000000
pid (0, 0, 0) idx (31) w: 29.5050315857: 0.000000
pid (0, 0, 0) idx ( 0) w: -1.8893539906: 0.000000
pid (0, 0, 0) idx ( 1) w: -0.7724822164: 0.000000
pid (0, 0, 0) idx ( 2) w: 4.0230813026: 0.000000
pid (0, 0, 0) idx ( 3) w: -2.2145023346: 0.000000
pid (0, 0, 0) idx ( 4) w: -13.1115827560: 0.000000
pid (0, 0, 0) idx ( 5) w: -52.8895988464: 0.000000
pid (0, 0, 0) idx ( 6) w: 1.7382014990: 0.000000
pid (0, 0, 0) idx ( 7) w: 10.5461788177: 0.000000
pid (0, 0, 0) idx ( 8) w: 12.4536724091: 0.000000
pid (0, 0, 0) idx ( 9) w: 17.4060211182: 0.000000
pid (0, 0, 0) idx (10) w: -2.9172194004: 0.000000
pid (0, 0, 0) idx (11) w: 19.8355617523: 0.000000
pid (0, 0, 0) idx (12) w: -19.8518753052: 0.000000
pid (0, 0, 0) idx (13) w: -8.2936468124: 0.000000
pid (0, 0, 0) idx (14) w: 5.7079300880: 0.000000
pid (0, 0, 0) idx (15) w: -0.0191440880: 0.000000
pid (0, 0, 0) idx (16) w: 116.4609069824: 0.000000
pid (0, 0, 0) idx (17) w: -17.3834133148: 0.000000
pid (0, 0, 0) idx (18) w: -260.6045227051: 0.000000
pid (0, 0, 0) idx (19) w: -19.7700290680: 0.000000
pid (0, 0, 0) idx (20) w: 10.0005350113: 0.000000
pid (0, 0, 0) idx (21) w: 2.4482843876: 0.000000
pid (0, 0, 0) idx (22) w: 7.5187940598: 0.000000
pid (0, 0, 0) idx (23) w: 18.7751770020: 0.000000
pid (0, 0, 0) idx (24) w: -1.9178235531: 0.000000
pid (0, 0, 0) idx (25) w: -8.1567611694: 0.000000
pid (0, 0, 0) idx (26) w: -8.8078346252: 0.000000
pid (0, 0, 0) idx (27) w: -26.3798217773: 0.000000
pid (0, 0, 0) idx (28) w: -7.6027321815: 0.000000
pid (0, 0, 0) idx (29) w: -6.6996035576: 0.000000
pid (0, 0, 0) idx (30) w: -99.1125488281: 0.000000
pid (0, 0, 0) idx (31) w: 29.5050315857: 0.000000
pid (0, 0, 0) idx ( 0) w: -1.8893539906: 0.000000
pid (0, 0, 0) idx ( 1) w: -0.7724822164: 0.000000
pid (0, 0, 0) idx ( 2) w: 4.0230813026: 0.000000
pid (0, 0, 0) idx ( 3) w: -2.2145023346: 0.000000
pid (0, 0, 0) idx ( 4) w: -13.1115827560: 0.000000
pid (0, 0, 0) idx ( 5) w: -52.8895988464: 0.000000
pid (0, 0, 0) idx ( 6) w: 1.7382014990: 0.000000
pid (0, 0, 0) idx ( 7) w: 10.5461788177: 0.000000
pid (0, 0, 0) idx ( 8) w: 12.4536724091: 0.000000
pid (0, 0, 0) idx ( 9) w: 17.4060211182: 0.000000
pid (0, 0, 0) idx (10) w: -2.9172194004: 0.000000
pid (0, 0, 0) idx (11) w: 19.8355617523: 0.000000
pid (0, 0, 0) idx (12) w: -19.8518753052: 0.000000
pid (0, 0, 0) idx (13) w: -8.2936468124: 0.000000
pid (0, 0, 0) idx (14) w: 5.7079300880: 0.000000
pid (0, 0, 0) idx (15) w: -0.0191440880: 0.000000
pid (0, 0, 0) idx (16) w: 116.4609069824: 0.000000
pid (0, 0, 0) idx (17) w: -17.3834133148: 0.000000
pid (0, 0, 0) idx (18) w: -260.6045227051: 0.000000
pid (0, 0, 0) idx (19) w: -19.7700290680: 0.000000
pid (0, 0, 0) idx (20) w: 10.0005350113: 0.000000
pid (0, 0, 0) idx (21) w: 2.4482843876: 0.000000
pid (0, 0, 0) idx (22) w: 7.5187940598: 0.000000
pid (0, 0, 0) idx (23) w: 18.7751770020: 0.000000
pid (0, 0, 0) idx (24) w: -1.9178235531: 0.000000
pid (0, 0, 0) idx (25) w: -8.1567611694: 0.000000
pid (0, 0, 0) idx (26) w: -8.8078346252: 0.000000
pid (0, 0, 0) idx (27) w: -26.3798217773: 0.000000
pid (0, 0, 0) idx (28) w: -7.6027321815: 0.000000
pid (0, 0, 0) idx (29) w: -6.6996035576: 0.000000
pid (0, 0, 0) idx (30) w: -99.1125488281: 0.000000
pid (0, 0, 0) idx (31) w: 29.5050315857: 0.000000
tensor([-1.8893499374e+00, -7.7248209715e-01,  4.0230817795e+00,
        -2.2145023346e+00, -1.3111586571e+01, -5.2889606476e+01,
         1.7382016182e+00,  1.0546180725e+01,  1.2453668594e+01,
         1.7406021118e+01, -2.9172227383e+00,  1.9835573196e+01,
        -1.9851875305e+01, -8.2936372757e+00,  5.7079205513e+00,
        -1.9144169986e-02,  1.1646094513e+02, -1.7383405685e+01,
        -2.6060458374e+02, -1.9770032883e+01,  1.0000537872e+01,
         2.4482836723e+00,  7.5187921524e+00,  1.8775178909e+01,
        -1.9178252220e+00, -8.1567621231e+00, -8.8078355789e+00,
        -2.6379825592e+01, -7.6027340889e+00, -6.6996045113e+00,
        -9.9112586975e+01,  2.9505035400e+01,  3.8220596313e-01,
        -4.2505687714e+01,  5.6859245300e+00, -2.4368419647e+00,
        -1.5457753837e-01,  4.1174745560e+00,  2.4368886948e+00,
         1.3904533386e+01, -1.8271411657e+00, -9.8720794916e-01,
        -7.1012725830e+00, -2.3363464355e+01, -2.1802980423e+01,
        -5.2239103317e+00,  3.5267947388e+02,  1.3777996826e+02,
        -4.7807264328e+00,  1.3704771042e+01, -1.1190731049e+02,
        -4.1811489105e+01,  4.1201335907e+01,  3.1138255596e+00,
        -1.8179313660e+01,  6.6384711266e+00, -1.4894628906e+02,
        -4.3979284167e-01,  8.3623489380e+01, -3.8981433868e+01,
        -1.2429995537e+01, -4.5944736481e+01,  2.3214174271e+01,
         2.8490869999e+00], device='cuda:0')
